<?xml version="1.0" encoding="UTF-8"?>
<!-- Generated by org.testng.reporters.JUnitReportReporter -->
<testsuite skipped="0" hostname="LAPTOP-P1K0C3AV" name="com.crm.justdial.airticketstest.BookTicket" tests="1" failures="0" timestamp="2022-02-15T13:22:47 IST" time="9.169" errors="0">
  <testcase name="Bookticket_TC_07" time="9.169" classname="com.crm.justdial.airticketstest.BookTicket"/>
  <system-out/>
</testsuite> <!-- com.crm.justdial.airticketstest.BookTicket -->
