<?xml version="1.0" encoding="UTF-8"?>
<!-- Generated by org.testng.reporters.JUnitReportReporter -->
<testsuite skipped="0" hostname="LAPTOP-P1K0C3AV" name="com.crm.justdial.b2btest.GetPriceTest" tests="1" failures="0" timestamp="2022-02-10T13:45:23 IST" time="4.427" errors="0">
  <testcase name="b2b_TC_002Test" time="4.427" classname="com.crm.justdial.b2btest.GetPriceTest"/>
  <system-out>
    <![CDATA[Clicked & Entered B2B link
Clicked & Entered Industrial Plants & Machinery link
Clicked & Entered Furnace link
Mouse over to Apparel & Fashion Link
Gloves Linked got Clicked
Switched to Gloves tab
Clicked Gloves for Kitchen
Switched to Gloves for Kitchen Tab
Ask For Price button got clicked
Name Entered Successfully
Mobile No Enetred Successfully]]>
  </system-out>
</testsuite> <!-- com.crm.justdial.b2btest.GetPriceTest -->
