<?xml version="1.0" encoding="UTF-8"?>
<!-- Generated by org.testng.reporters.JUnitReportReporter -->
<testsuite skipped="0" hostname="LAPTOP-P1K0C3AV" name="com.crm.justdial.covid19test.CovidStatus" tests="1" failures="0" timestamp="2022-02-11T19:27:41 IST" time="1.808" errors="0">
  <testcase name="covidStat_TC_05" time="1.808" classname="com.crm.justdial.covid19test.CovidStatus"/>
  <system-out/>
</testsuite> <!-- com.crm.justdial.covid19test.CovidStatus -->
