<?xml version="1.0" encoding="UTF-8"?>
<!-- Generated by org.testng.reporters.JUnitReportReporter -->
<testsuite skipped="0" hostname="LAPTOP-P1K0C3AV" name="com.crm.justdial.chemisttest.ChooseChemist" tests="1" failures="0" timestamp="2022-02-11T11:06:35 IST" time="22.246" errors="0">
  <testcase name="chemist_TC_004" time="22.246" classname="com.crm.justdial.chemisttest.ChooseChemist"/>
  <system-out/>
</testsuite> <!-- com.crm.justdial.chemisttest.ChooseChemist -->
