<?xml version="1.0" encoding="UTF-8"?>
<!-- Generated by org.testng.reporters.JUnitReportReporter -->
<testsuite skipped="0" hostname="LAPTOP-P1K0C3AV" name="com.crm.justdial.automobiletest.SelectAutomobileTest" tests="1" failures="0" timestamp="2022-02-11T19:28:20 IST" time="12.649" errors="0">
  <testcase name="TC_01Test" time="12.649" classname="com.crm.justdial.automobiletest.SelectAutomobileTest"/>
  <system-out>
    <![CDATA[Entered into Automobile Link
Entered into NewCars Link
Clicked on Rs 1000000 to Rs 2000000 Price Range
Mahindra Brand is Selected
Mahindra XUV700 got selected
Add to compare Button got clicked
Went Back to previous Page That is: New Cars Page
Mahindra Thar got Selected
Add to compare Button got clicked
Compare Button at the Below got clicked
XUV Price= Rs 1199000 Rs
Thar Price= Rs 1278681 Rs]]>
  </system-out>
</testsuite> <!-- com.crm.justdial.automobiletest.SelectAutomobileTest -->
