<?xml version="1.0" encoding="UTF-8"?>
<!-- Generated by org.testng.reporters.JUnitReportReporter -->
<testsuite skipped="0" hostname="LAPTOP-P1K0C3AV" name="com.crm.justdial.automobile.TC_001" tests="1" failures="0" timestamp="2022-02-09T15:11:32 IST" time="2.761" errors="0">
  <testcase name="getPrice" time="2.761" classname="com.crm.justdial.automobile.TC_001"/>
  <system-out>
    <![CDATA[Entered into Automobile Link
Entered into NewCars Link]]>
  </system-out>
</testsuite> <!-- com.crm.justdial.automobile.TC_001 -->
