<?xml version="1.0" encoding="UTF-8"?>
<!-- Generated by org.testng.reporters.JUnitReportReporter -->
<testsuite skipped="0" hostname="LAPTOP-P1K0C3AV" name="com.crm.justdial.covid19test.CovidStatusTest" tests="1" failures="0" timestamp="2022-02-15T13:23:24 IST" time="4.439" errors="0">
  <testcase name="covidStat_TC_05" time="4.439" classname="com.crm.justdial.covid19test.CovidStatusTest"/>
  <system-out/>
</testsuite> <!-- com.crm.justdial.covid19test.CovidStatusTest -->
