<?xml version="1.0" encoding="UTF-8"?>
<!-- Generated by org.testng.reporters.JUnitReportReporter -->
<testsuite skipped="0" hostname="LAPTOP-P1K0C3AV" name="com.crm.justdial.loantest.LoanRating" tests="1" failures="0" timestamp="2022-02-15T13:25:06 IST" time="18.758" errors="0">
  <testcase name="loan_TC_03" time="18.758" classname="com.crm.justdial.loantest.LoanRating"/>
  <system-out>
    <![CDATA[Loan Page Opens Successfully
Home Loan Page Opens Successfully]]>
  </system-out>
</testsuite> <!-- com.crm.justdial.loantest.LoanRating -->
