<?xml version="1.0" encoding="UTF-8"?>
<!-- Generated by org.testng.reporters.JUnitReportReporter -->
<testsuite skipped="0" hostname="LAPTOP-P1K0C3AV" name="com.crm.restaurant.headingtest.BookDiner" tests="1" failures="0" timestamp="2022-02-11T15:45:14 IST" time="14.607" errors="0">
  <testcase name="diner_TC_04" time="14.607" classname="com.crm.restaurant.headingtest.BookDiner"/>
  <system-out/>
</testsuite> <!-- com.crm.restaurant.headingtest.BookDiner -->
