<?xml version="1.0" encoding="UTF-8"?>
<!-- Generated by org.testng.reporters.JUnitReportReporter -->
<testsuite skipped="0" hostname="LAPTOP-P1K0C3AV" name="com.crm.justdial.billsandrechargetest.PrepaidRecharge" tests="1" failures="0" timestamp="2022-02-14T12:08:50 IST" time="3.329" errors="0">
  <testcase name="rechrg_TC_06" time="3.329" classname="com.crm.justdial.billsandrechargetest.PrepaidRecharge"/>
  <system-out/>
</testsuite> <!-- com.crm.justdial.billsandrechargetest.PrepaidRecharge -->
